2022-01-16 02:11:52.262 +06:00 [INF] Application Starting up
2022-01-16 02:17:56.095 +06:00 [INF] Application Starting up
2022-01-16 02:18:01.146 +06:00 [ERR] An unhandled exception has occurred while executing the request.
System.InvalidOperationException: The following sections have been defined but have not been rendered by the page at '/Views/Shared/_AccountLayout.cshtml': 'Scripts'. To ignore an unrendered section call IgnoreSection("sectionName").
   at Microsoft.AspNetCore.Mvc.Razor.RazorPage.EnsureRenderedBodyOrSections()
   at Microsoft.AspNetCore.Mvc.Razor.RazorView.RenderLayoutAsync(ViewContext context, ViewBufferTextWriter bodyWriter)
   at Microsoft.AspNetCore.Mvc.Razor.RazorView.RenderAsync(ViewContext context)
   at Microsoft.AspNetCore.Mvc.ViewFeatures.ViewExecutor.ExecuteAsync(ViewContext viewContext, String contentType, Nullable`1 statusCode)
   at Microsoft.AspNetCore.Mvc.ViewFeatures.ViewExecutor.ExecuteAsync(ViewContext viewContext, String contentType, Nullable`1 statusCode)
   at Microsoft.AspNetCore.Mvc.ViewFeatures.ViewExecutor.ExecuteAsync(ActionContext actionContext, IView view, ViewDataDictionary viewData, ITempDataDictionary tempData, String contentType, Nullable`1 statusCode)
   at Microsoft.AspNetCore.Mvc.ViewFeatures.ViewResultExecutor.ExecuteAsync(ActionContext context, ViewResult result)
   at Microsoft.AspNetCore.Mvc.ViewResult.ExecuteResultAsync(ActionContext context)
   at Microsoft.AspNetCore.Mvc.Infrastructure.ResourceInvoker.<InvokeNextResultFilterAsync>g__Awaited|30_0[TFilter,TFilterAsync](ResourceInvoker invoker, Task lastTask, State next, Scope scope, Object state, Boolean isCompleted)
   at Microsoft.AspNetCore.Mvc.Infrastructure.ResourceInvoker.Rethrow(ResultExecutedContextSealed context)
   at Microsoft.AspNetCore.Mvc.Infrastructure.ResourceInvoker.ResultNext[TFilter,TFilterAsync](State& next, Scope& scope, Object& state, Boolean& isCompleted)
   at Microsoft.AspNetCore.Mvc.Infrastructure.ResourceInvoker.InvokeResultFilters()
--- End of stack trace from previous location ---
   at Microsoft.AspNetCore.Mvc.Infrastructure.ResourceInvoker.<InvokeNextResourceFilter>g__Awaited|25_0(ResourceInvoker invoker, Task lastTask, State next, Scope scope, Object state, Boolean isCompleted)
   at Microsoft.AspNetCore.Mvc.Infrastructure.ResourceInvoker.Rethrow(ResourceExecutedContextSealed context)
   at Microsoft.AspNetCore.Mvc.Infrastructure.ResourceInvoker.Next(State& next, Scope& scope, Object& state, Boolean& isCompleted)
   at Microsoft.AspNetCore.Mvc.Infrastructure.ResourceInvoker.InvokeFilterPipelineAsync()
--- End of stack trace from previous location ---
   at Microsoft.AspNetCore.Mvc.Infrastructure.ResourceInvoker.<InvokeAsync>g__Awaited|17_0(ResourceInvoker invoker, Task task, IDisposable scope)
   at Microsoft.AspNetCore.Mvc.Infrastructure.ResourceInvoker.<InvokeAsync>g__Awaited|17_0(ResourceInvoker invoker, Task task, IDisposable scope)
   at Microsoft.AspNetCore.Routing.EndpointMiddleware.<Invoke>g__AwaitRequestTask|6_0(Endpoint endpoint, Task requestTask, ILogger logger)
   at Microsoft.AspNetCore.Authorization.AuthorizationMiddleware.Invoke(HttpContext context)
   at Microsoft.AspNetCore.Authentication.AuthenticationMiddleware.Invoke(HttpContext context)
   at Microsoft.AspNetCore.Diagnostics.DeveloperExceptionPageMiddleware.Invoke(HttpContext context)
2022-01-16 02:20:07.437 +06:00 [INF] Application Starting up
2022-01-16 02:28:41.691 +06:00 [INF] Application Starting up
2022-01-16 02:34:04.230 +06:00 [INF] Application Starting up
2022-01-16 02:35:50.355 +06:00 [INF] Application Starting up
2022-01-16 02:39:01.500 +06:00 [INF] Application Starting up
2022-01-16 02:42:03.788 +06:00 [INF] Application Starting up
2022-01-16 02:49:22.877 +06:00 [INF] Application Starting up
2022-01-16 02:50:05.876 +06:00 [INF] User created a new account with password.
2022-01-16 02:50:14.522 +06:00 [INF] User logged out.
2022-01-16 02:51:49.755 +06:00 [INF] Application Starting up
2022-01-16 02:54:22.605 +06:00 [INF] Application Starting up
2022-01-16 02:54:46.448 +06:00 [WRN] User validation failed: DuplicateUserName;DuplicateEmail.
2022-01-16 02:54:46.597 +06:00 [WRN] User validation failed: DuplicateUserName;DuplicateEmail.
2022-01-16 02:54:46.628 +06:00 [WRN] User validation failed: DuplicateUserName;DuplicateEmail.
2022-01-16 03:06:15.574 +06:00 [INF] Application Starting up
2022-01-16 03:07:06.042 +06:00 [INF] Application Starting up
2022-01-16 03:07:54.209 +06:00 [INF] User logged out.
2022-01-16 03:07:54.209 +06:00 [INF] User logged out.
2022-01-16 03:08:09.910 +06:00 [WRN] Invalid password for user.
2022-01-16 03:08:09.911 +06:00 [WRN] User failed to provide the correct password.
2022-01-16 03:17:37.410 +06:00 [INF] Application Starting up
2022-01-16 03:22:03.682 +06:00 [INF] Application Starting up
2022-01-16 03:24:12.042 +06:00 [INF] User created a new account with password.
2022-01-16 03:24:20.208 +06:00 [INF] User logged out.
2022-01-16 03:28:11.444 +06:00 [INF] Application Starting up
2022-01-16 03:29:15.347 +06:00 [INF] User logged out.
2022-01-16 03:30:42.232 +06:00 [INF] Application Starting up
2022-01-16 03:31:10.133 +06:00 [INF] User logged out.
2022-01-16 04:07:50.275 +06:00 [INF] Application Starting up
2022-01-16 04:14:14.806 +06:00 [INF] Application Starting up
2022-01-16 14:37:01.820 +06:00 [INF] Application Starting up
2022-01-16 14:40:16.928 +06:00 [INF] Application Starting up
2022-01-16 14:42:32.934 +06:00 [FTL] Application start-up failed
Microsoft.Extensions.Hosting.HostFactoryResolver+HostingListener+StopTheHostException: Exception of type 'Microsoft.Extensions.Hosting.HostFactoryResolver+HostingListener+StopTheHostException' was thrown.
   at Microsoft.Extensions.Hosting.HostFactoryResolver.HostingListener.OnNext(KeyValuePair`2 value)
   at System.Diagnostics.DiagnosticListener.Write(String name, Object value)
   at Microsoft.Extensions.Hosting.HostBuilder.Build()
   at Microsoft.AspNetCore.Builder.WebApplicationBuilder.Build()
   at Program.<Main>$(String[] args) in D:\GitHub\Forum_Platform\Forum\Forum.Web\Program.cs:line 134
2022-01-16 14:43:38.817 +06:00 [FTL] Application start-up failed
Microsoft.Extensions.Hosting.HostFactoryResolver+HostingListener+StopTheHostException: Exception of type 'Microsoft.Extensions.Hosting.HostFactoryResolver+HostingListener+StopTheHostException' was thrown.
   at Microsoft.Extensions.Hosting.HostFactoryResolver.HostingListener.OnNext(KeyValuePair`2 value)
   at System.Diagnostics.DiagnosticListener.Write(String name, Object value)
   at Microsoft.Extensions.Hosting.HostBuilder.Build()
   at Microsoft.AspNetCore.Builder.WebApplicationBuilder.Build()
   at Program.<Main>$(String[] args) in D:\GitHub\Forum_Platform\Forum\Forum.Web\Program.cs:line 134
2022-01-16 14:44:29.955 +06:00 [FTL] Application start-up failed
Microsoft.Extensions.Hosting.HostFactoryResolver+HostingListener+StopTheHostException: Exception of type 'Microsoft.Extensions.Hosting.HostFactoryResolver+HostingListener+StopTheHostException' was thrown.
   at Microsoft.Extensions.Hosting.HostFactoryResolver.HostingListener.OnNext(KeyValuePair`2 value)
   at System.Diagnostics.DiagnosticListener.Write(String name, Object value)
   at Microsoft.Extensions.Hosting.HostBuilder.Build()
   at Microsoft.AspNetCore.Builder.WebApplicationBuilder.Build()
   at Program.<Main>$(String[] args) in D:\GitHub\Forum_Platform\Forum\Forum.Web\Program.cs:line 134
2022-01-16 14:46:40.290 +06:00 [INF] Application Starting up
2022-01-16 14:47:04.620 +06:00 [INF] User logged out.
2022-01-16 14:47:18.754 +06:00 [WRN] User validation failed: DuplicateUserName;DuplicateEmail.
2022-01-16 14:47:18.877 +06:00 [WRN] User validation failed: DuplicateUserName;DuplicateEmail.
2022-01-16 14:47:18.893 +06:00 [WRN] User validation failed: DuplicateUserName;DuplicateEmail.
2022-01-16 14:48:03.875 +06:00 [WRN] User validation failed: DuplicateUserName;DuplicateEmail.
2022-01-16 14:48:03.886 +06:00 [WRN] User validation failed: DuplicateUserName;DuplicateEmail.
2022-01-16 14:48:03.893 +06:00 [WRN] User validation failed: DuplicateUserName;DuplicateEmail.
2022-01-16 15:45:00.625 +06:00 [FTL] Application start-up failed
Microsoft.Extensions.Hosting.HostFactoryResolver+HostingListener+StopTheHostException: Exception of type 'Microsoft.Extensions.Hosting.HostFactoryResolver+HostingListener+StopTheHostException' was thrown.
   at Microsoft.Extensions.Hosting.HostFactoryResolver.HostingListener.OnNext(KeyValuePair`2 value)
   at System.Diagnostics.DiagnosticListener.Write(String name, Object value)
   at Microsoft.Extensions.Hosting.HostBuilder.Build()
   at Microsoft.AspNetCore.Builder.WebApplicationBuilder.Build()
   at Program.<Main>$(String[] args) in D:\GitHub\Forum_Platform\Forum\Forum.Web\Program.cs:line 134
2022-01-16 15:45:56.229 +06:00 [FTL] Application start-up failed
Microsoft.Extensions.Hosting.HostFactoryResolver+HostingListener+StopTheHostException: Exception of type 'Microsoft.Extensions.Hosting.HostFactoryResolver+HostingListener+StopTheHostException' was thrown.
   at Microsoft.Extensions.Hosting.HostFactoryResolver.HostingListener.OnNext(KeyValuePair`2 value)
   at System.Diagnostics.DiagnosticListener.Write(String name, Object value)
   at Microsoft.Extensions.Hosting.HostBuilder.Build()
   at Microsoft.AspNetCore.Builder.WebApplicationBuilder.Build()
   at Program.<Main>$(String[] args) in D:\GitHub\Forum_Platform\Forum\Forum.Web\Program.cs:line 134
2022-01-16 15:47:16.549 +06:00 [FTL] Application start-up failed
Microsoft.Extensions.Hosting.HostFactoryResolver+HostingListener+StopTheHostException: Exception of type 'Microsoft.Extensions.Hosting.HostFactoryResolver+HostingListener+StopTheHostException' was thrown.
   at Microsoft.Extensions.Hosting.HostFactoryResolver.HostingListener.OnNext(KeyValuePair`2 value)
   at System.Diagnostics.DiagnosticListener.Write(String name, Object value)
   at Microsoft.Extensions.Hosting.HostBuilder.Build()
   at Microsoft.AspNetCore.Builder.WebApplicationBuilder.Build()
   at Program.<Main>$(String[] args) in D:\GitHub\Forum_Platform\Forum\Forum.Web\Program.cs:line 134
2022-01-16 15:53:10.323 +06:00 [INF] Application Starting up
2022-01-16 15:56:53.551 +06:00 [FTL] Application start-up failed
Microsoft.Extensions.Hosting.HostFactoryResolver+HostingListener+StopTheHostException: Exception of type 'Microsoft.Extensions.Hosting.HostFactoryResolver+HostingListener+StopTheHostException' was thrown.
   at Microsoft.Extensions.Hosting.HostFactoryResolver.HostingListener.OnNext(KeyValuePair`2 value)
   at System.Diagnostics.DiagnosticListener.Write(String name, Object value)
   at Microsoft.Extensions.Hosting.HostBuilder.Build()
   at Microsoft.AspNetCore.Builder.WebApplicationBuilder.Build()
   at Program.<Main>$(String[] args) in D:\GitHub\Forum_Platform\Forum\Forum.Web\Program.cs:line 134
2022-01-16 17:13:03.180 +06:00 [INF] Application Starting up
2022-01-16 18:19:28.741 +06:00 [INF] Application Starting up
2022-01-16 19:36:30.955 +06:00 [INF] Application Starting up
2022-01-16 19:51:24.783 +06:00 [INF] Application Starting up
2022-01-16 19:51:42.574 +06:00 [INF] User logged out.
2022-01-16 20:10:34.166 +06:00 [INF] Application Starting up
2022-01-16 20:32:25.072 +06:00 [INF] Application Starting up
2022-01-16 20:38:23.311 +06:00 [INF] Application Starting up
2022-01-16 20:43:16.847 +06:00 [INF] Application Starting up
2022-01-16 20:44:56.952 +06:00 [INF] Application Starting up
2022-01-16 20:47:46.770 +06:00 [INF] Application Starting up
2022-01-16 20:54:42.403 +06:00 [INF] Application Starting up
2022-01-16 20:58:55.983 +06:00 [INF] Application Starting up
2022-01-16 21:09:57.183 +06:00 [INF] Application Starting up
2022-01-16 21:12:43.201 +06:00 [INF] Application Starting up
2022-01-16 21:14:47.663 +06:00 [INF] Application Starting up
2022-01-16 21:16:19.610 +06:00 [INF] Application Starting up
2022-01-16 21:17:50.087 +06:00 [ERR] An unhandled exception has occurred while executing the request.
System.ArgumentNullException: Value cannot be null. (Parameter 'id can not be empty.')
   at Forum.System.Services.BoardService.GetBoard(Guid id) in D:\GitHub\Forum_Platform\Forum\Forum.System\Services\BoardService.cs:line 74
   at Forum.Web.Models.Home.AllTopicsModel.LoadTopics(Guid boardId) in D:\GitHub\Forum_Platform\Forum\Forum.Web\Models\Home\AllTopicsModel.cs:line 33
   at Forum.Web.Controllers.HomeController.Topics(Guid id) in D:\GitHub\Forum_Platform\Forum\Forum.Web\Controllers\HomeController.cs:line 30
   at lambda_method765(Closure , Object , Object[] )
   at Microsoft.AspNetCore.Mvc.Infrastructure.ActionMethodExecutor.SyncActionResultExecutor.Execute(IActionResultTypeMapper mapper, ObjectMethodExecutor executor, Object controller, Object[] arguments)
   at Microsoft.AspNetCore.Mvc.Infrastructure.ControllerActionInvoker.InvokeActionMethodAsync()
   at Microsoft.AspNetCore.Mvc.Infrastructure.ControllerActionInvoker.Next(State& next, Scope& scope, Object& state, Boolean& isCompleted)
   at Microsoft.AspNetCore.Mvc.Infrastructure.ControllerActionInvoker.InvokeNextActionFilterAsync()
--- End of stack trace from previous location ---
   at Microsoft.AspNetCore.Mvc.Infrastructure.ControllerActionInvoker.Rethrow(ActionExecutedContextSealed context)
   at Microsoft.AspNetCore.Mvc.Infrastructure.ControllerActionInvoker.Next(State& next, Scope& scope, Object& state, Boolean& isCompleted)
   at Microsoft.AspNetCore.Mvc.Infrastructure.ControllerActionInvoker.InvokeInnerFilterAsync()
--- End of stack trace from previous location ---
   at Microsoft.AspNetCore.Mvc.Infrastructure.ResourceInvoker.<InvokeNextResourceFilter>g__Awaited|25_0(ResourceInvoker invoker, Task lastTask, State next, Scope scope, Object state, Boolean isCompleted)
   at Microsoft.AspNetCore.Mvc.Infrastructure.ResourceInvoker.Rethrow(ResourceExecutedContextSealed context)
   at Microsoft.AspNetCore.Mvc.Infrastructure.ResourceInvoker.Next(State& next, Scope& scope, Object& state, Boolean& isCompleted)
   at Microsoft.AspNetCore.Mvc.Infrastructure.ResourceInvoker.InvokeFilterPipelineAsync()
--- End of stack trace from previous location ---
   at Microsoft.AspNetCore.Mvc.Infrastructure.ResourceInvoker.<InvokeAsync>g__Awaited|17_0(ResourceInvoker invoker, Task task, IDisposable scope)
   at Microsoft.AspNetCore.Mvc.Infrastructure.ResourceInvoker.<InvokeAsync>g__Awaited|17_0(ResourceInvoker invoker, Task task, IDisposable scope)
   at Microsoft.AspNetCore.Routing.EndpointMiddleware.<Invoke>g__AwaitRequestTask|6_0(Endpoint endpoint, Task requestTask, ILogger logger)
   at Microsoft.AspNetCore.Authorization.AuthorizationMiddleware.Invoke(HttpContext context)
   at Microsoft.AspNetCore.Authentication.AuthenticationMiddleware.Invoke(HttpContext context)
   at Microsoft.AspNetCore.Diagnostics.DeveloperExceptionPageMiddleware.Invoke(HttpContext context)
2022-01-16 21:23:34.465 +06:00 [INF] Application Starting up
2022-01-16 21:28:02.535 +06:00 [INF] Application Starting up
2022-01-16 21:36:52.568 +06:00 [INF] Application Starting up
2022-01-16 21:39:48.994 +06:00 [INF] Application Starting up
2022-01-16 21:55:26.430 +06:00 [INF] Application Starting up
2022-01-16 22:04:56.403 +06:00 [INF] Application Starting up
2022-01-16 22:06:47.134 +06:00 [INF] Application Starting up
2022-01-16 22:08:48.236 +06:00 [INF] Application Starting up
2022-01-16 22:09:31.116 +06:00 [ERR] The view 'Index' was not found. Searched locations: ["/Views/Moderator/Index.cshtml","/Views/Shared/Index.cshtml","/Pages/Shared/Index.cshtml"]
2022-01-16 22:09:31.132 +06:00 [ERR] An unhandled exception has occurred while executing the request.
System.InvalidOperationException: The view 'Index' was not found. The following locations were searched:
/Views/Moderator/Index.cshtml
/Views/Shared/Index.cshtml
/Pages/Shared/Index.cshtml
   at Microsoft.AspNetCore.Mvc.ViewEngines.ViewEngineResult.EnsureSuccessful(IEnumerable`1 originalLocations)
   at Microsoft.AspNetCore.Mvc.ViewFeatures.ViewResultExecutor.ExecuteAsync(ActionContext context, ViewResult result)
   at Microsoft.AspNetCore.Mvc.ViewResult.ExecuteResultAsync(ActionContext context)
   at Microsoft.AspNetCore.Mvc.Infrastructure.ResourceInvoker.<InvokeNextResultFilterAsync>g__Awaited|30_0[TFilter,TFilterAsync](ResourceInvoker invoker, Task lastTask, State next, Scope scope, Object state, Boolean isCompleted)
   at Microsoft.AspNetCore.Mvc.Infrastructure.ResourceInvoker.Rethrow(ResultExecutedContextSealed context)
   at Microsoft.AspNetCore.Mvc.Infrastructure.ResourceInvoker.ResultNext[TFilter,TFilterAsync](State& next, Scope& scope, Object& state, Boolean& isCompleted)
   at Microsoft.AspNetCore.Mvc.Infrastructure.ResourceInvoker.InvokeResultFilters()
--- End of stack trace from previous location ---
   at Microsoft.AspNetCore.Mvc.Infrastructure.ResourceInvoker.<InvokeNextResourceFilter>g__Awaited|25_0(ResourceInvoker invoker, Task lastTask, State next, Scope scope, Object state, Boolean isCompleted)
   at Microsoft.AspNetCore.Mvc.Infrastructure.ResourceInvoker.Rethrow(ResourceExecutedContextSealed context)
   at Microsoft.AspNetCore.Mvc.Infrastructure.ResourceInvoker.Next(State& next, Scope& scope, Object& state, Boolean& isCompleted)
   at Microsoft.AspNetCore.Mvc.Infrastructure.ResourceInvoker.InvokeFilterPipelineAsync()
--- End of stack trace from previous location ---
   at Microsoft.AspNetCore.Mvc.Infrastructure.ResourceInvoker.<InvokeAsync>g__Awaited|17_0(ResourceInvoker invoker, Task task, IDisposable scope)
   at Microsoft.AspNetCore.Mvc.Infrastructure.ResourceInvoker.<InvokeAsync>g__Awaited|17_0(ResourceInvoker invoker, Task task, IDisposable scope)
   at Microsoft.AspNetCore.Routing.EndpointMiddleware.<Invoke>g__AwaitRequestTask|6_0(Endpoint endpoint, Task requestTask, ILogger logger)
   at Microsoft.AspNetCore.Authorization.Policy.AuthorizationMiddlewareResultHandler.HandleAsync(RequestDelegate next, HttpContext context, AuthorizationPolicy policy, PolicyAuthorizationResult authorizeResult)
   at Microsoft.AspNetCore.Authorization.AuthorizationMiddleware.Invoke(HttpContext context)
   at Microsoft.AspNetCore.Authentication.AuthenticationMiddleware.Invoke(HttpContext context)
   at Microsoft.AspNetCore.Diagnostics.DeveloperExceptionPageMiddleware.Invoke(HttpContext context)
2022-01-16 22:09:38.767 +06:00 [ERR] Board Creation Failed
System.InvalidOperationException: Board Name Already exists.
   at Forum.System.Services.BoardService.CreateBoard(Board board, Guid modId) in D:\GitHub\Forum_Platform\Forum\Forum.System\Services\BoardService.cs:line 52
   at Forum.Web.Models.Moderator.CreateBoardModel.CreateBoard(String userEmail) in D:\GitHub\Forum_Platform\Forum\Forum.Web\Models\Moderator\CreateBoardModel.cs:line 53
   at Forum.Web.Controllers.ModeratorController.CreateBoard(CreateBoardModel model) in D:\GitHub\Forum_Platform\Forum\Forum.Web\Controllers\ModeratorController.cs:line 40
2022-01-16 23:55:29.139 +06:00 [INF] Application Starting up
2022-01-16 23:57:24.180 +06:00 [INF] Application Starting up
